TN:
SF:todo.js
FN:2,(anonymous_0)
FN:7,(anonymous_1)
FN:12,(anonymous_2)
FN:16,(anonymous_3)
FN:20,(anonymous_4)
FN:24,(anonymous_5)
FNF:6
FNH:6
FNDA:66,(anonymous_0)
FNDA:9,(anonymous_1)
FNDA:22,(anonymous_2)
FNDA:4,(anonymous_3)
FNDA:42,(anonymous_4)
FNDA:15,(anonymous_5)
DA:3,66
DA:4,66
DA:8,9
DA:9,9
DA:13,22
DA:17,4
DA:21,42
DA:25,15
DA:29,1
DA:30,1
DA:32,1
LF:11
LH:11
BRDA:8,0,0,4
BRDA:8,0,1,5
BRF:2
BRH:2
end_of_record
TN:
SF:todolist.js
FN:4,(anonymous_0)
FN:9,(anonymous_1)
FN:17,(anonymous_2)
FN:21,(anonymous_3)
FN:25,(anonymous_4)
FN:29,(anonymous_5)
FN:34,(anonymous_6)
FN:38,(anonymous_7)
FN:42,(anonymous_8)
FN:43,(anonymous_9)
FN:46,(anonymous_10)
FN:50,(anonymous_11)
FN:54,(anonymous_12)
FN:59,(anonymous_13)
FN:61,(anonymous_14)
FN:65,(anonymous_15)
FN:69,(anonymous_16)
FN:72,(anonymous_17)
FN:81,(anonymous_18)
FN:82,(anonymous_19)
FN:85,(anonymous_20)
FN:86,(anonymous_21)
FN:89,(anonymous_22)
FN:90,(anonymous_23)
FN:93,(anonymous_24)
FN:98,(anonymous_25)
FN:99,(anonymous_26)
FN:102,(anonymous_27)
FN:103,(anonymous_28)
FN:106,(anonymous_29)
FN:111,(anonymous_30)
FNF:31
FNH:31
FNDA:33,(anonymous_0)
FNDA:83,(anonymous_1)
FNDA:2,(anonymous_2)
FNDA:6,(anonymous_3)
FNDA:1,(anonymous_4)
FNDA:13,(anonymous_5)
FNDA:4,(anonymous_6)
FNDA:3,(anonymous_7)
FNDA:4,(anonymous_8)
FNDA:9,(anonymous_9)
FNDA:1,(anonymous_10)
FNDA:1,(anonymous_11)
FNDA:3,(anonymous_12)
FNDA:3,(anonymous_13)
FNDA:9,(anonymous_14)
FNDA:15,(anonymous_15)
FNDA:10,(anonymous_16)
FNDA:30,(anonymous_17)
FNDA:5,(anonymous_18)
FNDA:15,(anonymous_19)
FNDA:3,(anonymous_20)
FNDA:9,(anonymous_21)
FNDA:1,(anonymous_22)
FNDA:3,(anonymous_23)
FNDA:3,(anonymous_24)
FNDA:3,(anonymous_25)
FNDA:9,(anonymous_26)
FNDA:1,(anonymous_27)
FNDA:3,(anonymous_28)
FNDA:9,(anonymous_29)
FNDA:16,(anonymous_30)
DA:1,1
DA:5,33
DA:6,33
DA:10,83
DA:11,5
DA:14,78
DA:18,2
DA:22,6
DA:26,1
DA:30,13
DA:31,6
DA:35,4
DA:39,3
DA:43,9
DA:47,1
DA:51,1
DA:55,3
DA:56,1
DA:60,3
DA:61,9
DA:62,3
DA:66,15
DA:70,10
DA:72,10
DA:73,30
DA:74,12
DA:78,10
DA:82,15
DA:86,9
DA:90,3
DA:95,3
DA:99,9
DA:103,3
DA:107,9
DA:112,16
DA:113,9
DA:118,1
LF:37
LH:37
BRDA:10,0,0,5
BRDA:10,0,1,78
BRDA:73,1,0,12
BRDA:73,1,1,18
BRDA:112,2,0,9
BRDA:112,2,1,7
BRF:6
BRH:6
end_of_record
