<?xml version="1.0" encoding="UTF-8"?>
<coverage generated="1712911300201" clover="3.2.0">
  <project timestamp="1712911300202" name="All files">
    <metrics statements="48" coveredstatements="48" conditionals="8" coveredconditionals="8" methods="37" coveredmethods="37" elements="93" coveredelements="93" complexity="0" loc="48" ncloc="48" packages="1" files="2" classes="2"/>
    <file name="todo.js" path="/mnt/c/launchschool/LS-todolist/todo.js">
      <metrics statements="11" coveredstatements="11" conditionals="2" coveredconditionals="2" methods="6" coveredmethods="6"/>
      <line num="3" count="66" type="stmt"/>
      <line num="4" count="66" type="stmt"/>
      <line num="8" count="9" type="cond" truecount="2" falsecount="0"/>
      <line num="9" count="9" type="stmt"/>
      <line num="13" count="22" type="stmt"/>
      <line num="17" count="4" type="stmt"/>
      <line num="21" count="42" type="stmt"/>
      <line num="25" count="15" type="stmt"/>
      <line num="29" count="1" type="stmt"/>
      <line num="30" count="1" type="stmt"/>
      <line num="32" count="1" type="stmt"/>
    </file>
    <file name="todolist.js" path="/mnt/c/launchschool/LS-todolist/todolist.js">
      <metrics statements="37" coveredstatements="37" conditionals="6" coveredconditionals="6" methods="31" coveredmethods="31"/>
      <line num="1" count="1" type="stmt"/>
      <line num="5" count="33" type="stmt"/>
      <line num="6" count="33" type="stmt"/>
      <line num="10" count="83" type="cond" truecount="2" falsecount="0"/>
      <line num="11" count="5" type="stmt"/>
      <line num="14" count="78" type="stmt"/>
      <line num="18" count="2" type="stmt"/>
      <line num="22" count="6" type="stmt"/>
      <line num="26" count="1" type="stmt"/>
      <line num="30" count="13" type="stmt"/>
      <line num="31" count="6" type="stmt"/>
      <line num="35" count="4" type="stmt"/>
      <line num="39" count="3" type="stmt"/>
      <line num="43" count="9" type="stmt"/>
      <line num="47" count="1" type="stmt"/>
      <line num="51" count="1" type="stmt"/>
      <line num="55" count="3" type="stmt"/>
      <line num="56" count="1" type="stmt"/>
      <line num="60" count="3" type="stmt"/>
      <line num="61" count="9" type="stmt"/>
      <line num="62" count="3" type="stmt"/>
      <line num="66" count="15" type="stmt"/>
      <line num="70" count="10" type="stmt"/>
      <line num="72" count="10" type="stmt"/>
      <line num="73" count="30" type="cond" truecount="2" falsecount="0"/>
      <line num="74" count="12" type="stmt"/>
      <line num="78" count="10" type="stmt"/>
      <line num="82" count="15" type="stmt"/>
      <line num="86" count="9" type="stmt"/>
      <line num="90" count="3" type="stmt"/>
      <line num="95" count="3" type="stmt"/>
      <line num="99" count="9" type="stmt"/>
      <line num="103" count="3" type="stmt"/>
      <line num="107" count="9" type="stmt"/>
      <line num="112" count="16" type="cond" truecount="2" falsecount="0"/>
      <line num="113" count="9" type="stmt"/>
      <line num="118" count="1" type="stmt"/>
    </file>
  </project>
</coverage>
